0 info it worked if it ends with ok
1 verbose cli [ 'node', '/usr/local/bin/npm', 'install', 'ideviceinstaller' ]
2 info using npm@1.4.10
3 info using node@v0.10.28
4 verbose node symlink /usr/local/bin/node
5 verbose cache add [ 'ideviceinstaller', null ]
6 verbose cache add name=undefined spec="ideviceinstaller" args=["ideviceinstaller",null]
7 verbose parsed url { protocol: null,
7 verbose parsed url   slashes: null,
7 verbose parsed url   auth: null,
7 verbose parsed url   host: null,
7 verbose parsed url   port: null,
7 verbose parsed url   hostname: null,
7 verbose parsed url   hash: null,
7 verbose parsed url   search: null,
7 verbose parsed url   query: null,
7 verbose parsed url   pathname: 'ideviceinstaller',
7 verbose parsed url   path: 'ideviceinstaller',
7 verbose parsed url   href: 'ideviceinstaller' }
8 silly lockFile f9897580-ideviceinstaller ideviceinstaller
9 verbose lock ideviceinstaller /Users/bbc-admin/.npm/f9897580-ideviceinstaller.lock
10 silly lockFile f9897580-ideviceinstaller ideviceinstaller
11 silly lockFile f9897580-ideviceinstaller ideviceinstaller
12 verbose addNamed [ 'ideviceinstaller', '' ]
13 verbose addNamed [ null, '*' ]
14 silly lockFile 6a6d4108-ideviceinstaller ideviceinstaller@
15 verbose lock ideviceinstaller@ /Users/bbc-admin/.npm/6a6d4108-ideviceinstaller.lock
16 silly addNameRange { name: 'ideviceinstaller', range: '*', hasData: false }
17 verbose url raw ideviceinstaller
18 verbose url resolving [ 'https://registry.npmjs.org/', './ideviceinstaller' ]
19 verbose url resolved https://registry.npmjs.org/ideviceinstaller
20 info trying registry request attempt 1 at 16:05:56
21 http GET https://registry.npmjs.org/ideviceinstaller
22 http 404 https://registry.npmjs.org/ideviceinstaller
23 verbose headers { date: 'Wed, 24 Sep 2014 10:35:57 GMT',
23 verbose headers   server: 'CouchDB/1.5.0 (Erlang OTP/R16B03)',
23 verbose headers   'content-type': 'application/json',
23 verbose headers   'cache-control': 'max-age=0',
23 verbose headers   'content-length': '52',
23 verbose headers   'accept-ranges': 'bytes',
23 verbose headers   via: '1.1 varnish',
23 verbose headers   age: '0',
23 verbose headers   'x-served-by': 'cache-lcy1129-LCY',
23 verbose headers   'x-cache': 'MISS',
23 verbose headers   'x-cache-hits': '0',
23 verbose headers   'x-timer': 'S1411554957.741543,VS0,VE89',
23 verbose headers   'keep-alive': 'timeout=10, max=50',
23 verbose headers   connection: 'Keep-Alive' }
24 silly registry.get cb [ 404,
24 silly registry.get   { date: 'Wed, 24 Sep 2014 10:35:57 GMT',
24 silly registry.get     server: 'CouchDB/1.5.0 (Erlang OTP/R16B03)',
24 silly registry.get     'content-type': 'application/json',
24 silly registry.get     'cache-control': 'max-age=0',
24 silly registry.get     'content-length': '52',
24 silly registry.get     'accept-ranges': 'bytes',
24 silly registry.get     via: '1.1 varnish',
24 silly registry.get     age: '0',
24 silly registry.get     'x-served-by': 'cache-lcy1129-LCY',
24 silly registry.get     'x-cache': 'MISS',
24 silly registry.get     'x-cache-hits': '0',
24 silly registry.get     'x-timer': 'S1411554957.741543,VS0,VE89',
24 silly registry.get     'keep-alive': 'timeout=10, max=50',
24 silly registry.get     connection: 'Keep-Alive' } ]
25 silly lockFile 6a6d4108-ideviceinstaller ideviceinstaller@
26 silly lockFile 6a6d4108-ideviceinstaller ideviceinstaller@
27 error 404 404 Not Found: ideviceinstaller
27 error 404
27 error 404 'ideviceinstaller' is not in the npm registry.
27 error 404 You should bug the author to publish it
27 error 404
27 error 404 Note that you can also install from a
27 error 404 tarball, folder, or http url, or git url.
28 error System Darwin 12.5.0
29 error command "node" "/usr/local/bin/npm" "install" "ideviceinstaller"
30 error cwd /opt/devicehive/device_api-ios
31 error node -v v0.10.28
32 error npm -v 1.4.10
33 error code E404
34 verbose exit [ 1, true ]
